{"type":"server-started","port":49157,"host":"127.0.0.1","url_host":"localhost","url":"http://localhost:49157","screen_dir":"/Users/suyogmansingh/Downloads/aarambha-redesign/.superpowers/brainstorm/97031-1773637804"}
{"type":"screen-added","file":"/Users/suyogmansingh/Downloads/aarambha-redesign/.superpowers/brainstorm/97031-1773637804/design-direction.html"}
{"source":"user-event","type":"click","text":"A\n    \n      Near-Clone\n      Same color palette (navy + gold), similar layout structure, similar typography. Basically Premier's design language applied to Aarambha's content.","choice":"a","id":null,"timestamp":1773637956219}
{"type":"screen-added","file":"/Users/suyogmansingh/Downloads/aarambha-redesign/.superpowers/brainstorm/97031-1773637804/section-structure.html"}
{"source":"user-event","type":"click","text":"B\n    \n      Adapt for Aarambha\n      Use Premier's visual style but reorganize sections to better fit Aarambha's content — e.g., keep the stats section, adjust programs to match Aarambha's 4 levels (Early Years → High School), skip the partners carousel if not needed.","choice":"b","id":null,"timestamp":1773638063812}
{"source":"user-event","type":"click","text":"B\n    \n      Adapt for Aarambha\n      Use Premier's visual style but reorganize sections to better fit Aarambha's content — e.g., keep the stats section, adjust programs to match Aarambha's 4 levels (Early Years → High School), skip the partners carousel if not needed.","choice":"b","id":null,"timestamp":1773638085895}
{"type":"screen-added","file":"/Users/suyogmansingh/Downloads/aarambha-redesign/.superpowers/brainstorm/97031-1773637804/page-scope.html"}
{"source":"user-event","type":"click","text":"1\n    \n      About\n      Mission, vision, values, history timeline, leadership team","choice":"about","id":null,"timestamp":1773638143443}
{"source":"user-event","type":"click","text":"2\n    \n      Programs\n      Academic programs (Pre-School to High School), curriculum, extracurriculars","choice":"programs","id":null,"timestamp":1773638143925}
{"source":"user-event","type":"click","text":"3\n    \n      Admissions\n      Application process, requirements, fee structure, FAQ","choice":"admissions","id":null,"timestamp":1773638144942}
{"source":"user-event","type":"click","text":"5\n    \n      Gallery\n      Photo/video gallery with category filters","choice":"gallery","id":null,"timestamp":1773638145741}
{"source":"user-event","type":"click","text":"4\n    \n      Facilities\n      Campus infrastructure, 9 facility cards, safety features","choice":"facilities","id":null,"timestamp":1773638146092}
{"source":"user-event","type":"click","text":"6\n    \n      Contact\n      Contact form, info cards, map, social links","choice":"contact","id":null,"timestamp":1773638146591}
{"type":"screen-added","file":"/Users/suyogmansingh/Downloads/aarambha-redesign/.superpowers/brainstorm/97031-1773637804/imagery.html"}
{"source":"user-event","type":"click","text":"C\n    \n      Use stock photos\n      Use high-quality stock photos from Unsplash (school/education themed) to make the design feel complete now.","choice":"c","id":null,"timestamp":1773638178759}
{"type":"screen-added","file":"/Users/suyogmansingh/Downloads/aarambha-redesign/.superpowers/brainstorm/97031-1773637804/approach.html"}
{"type":"screen-added","file":"/Users/suyogmansingh/Downloads/aarambha-redesign/.superpowers/brainstorm/97031-1773637804/design-system.html"}
{"type":"screen-added","file":"/Users/suyogmansingh/Downloads/aarambha-redesign/.superpowers/brainstorm/97031-1773637804/homepage-layout.html"}
{"type":"screen-added","file":"/Users/suyogmansingh/Downloads/aarambha-redesign/.superpowers/brainstorm/97031-1773637804/inner-pages.html"}
{"type":"screen-added","file":"/Users/suyogmansingh/Downloads/aarambha-redesign/.superpowers/brainstorm/97031-1773637804/waiting.html"}
{"type":"server-stopped","reason":"idle timeout"}
